\BOOKMARK [1][]{Cabstract.1}{\376\377\144\130\211\201}{}% 1
\BOOKMARK [1][]{Eabstract.1}{\376\377\000A\000b\000s\000t\000r\000a\000c\000t}{}% 2
\BOOKMARK [1][]{tableofcontents.1}{\376\377\166\356\137\125}{}% 3
\BOOKMARK [0][]{chapter.1}{\376\377\173\054\0001\172\340\000\040\000\040\227\000\154\102\122\006\147\220}{}% 4
\BOOKMARK [1][]{section.1.1}{\376\377\0001\000.\0001\000\040\140\073\117\123\227\000\154\102}{chapter.1}% 5
\BOOKMARK [1][]{section.1.2}{\376\377\0001\000.\0002\000\040\213\272\145\207\173\241\164\006\152\041\127\127}{chapter.1}% 6
\BOOKMARK [2][]{subsection.1.2.1}{\376\377\0001\000.\0002\000.\0001\000\040\145\160\143\156\210\150\230\171}{section.1.2}% 7
\BOOKMARK [2][]{subsection.1.2.2}{\376\377\0001\000.\0002\000.\0002\000\040\137\125\121\145}{section.1.2}% 8
\BOOKMARK [2][]{subsection.1.2.3}{\376\377\0001\000.\0002\000.\0003\000\040\117\356\145\071\116\016\122\040\226\144}{section.1.2}% 9
\BOOKMARK [2][]{subsection.1.2.4}{\376\377\0001\000.\0002\000.\0004\000\040\146\076\171\072}{section.1.2}% 10
\BOOKMARK [2][]{subsection.1.2.5}{\376\377\0001\000.\0002\000.\0005\000\040\147\345\213\342\116\016\133\374\121\372}{section.1.2}% 11
\BOOKMARK [1][]{section.1.3}{\376\377\0001\000.\0003\000\040\171\321\170\024\230\171\166\356\173\241\164\006\152\041\127\127}{chapter.1}% 12
\BOOKMARK [2][]{subsection.1.3.1}{\376\377\0001\000.\0003\000.\0001\000\040\145\160\143\156\210\150\230\171}{section.1.3}% 13
\BOOKMARK [2][]{subsection.1.3.2}{\376\377\0001\000.\0003\000.\0002\000\040\137\125\121\145}{section.1.3}% 14
\BOOKMARK [2][]{subsection.1.3.3}{\376\377\0001\000.\0003\000.\0003\000\040\146\076\171\072}{section.1.3}% 15
\BOOKMARK [1][]{section.1.4}{\376\377\0001\000.\0004\000\040\121\166\133\203\145\160\143\156\173\241\164\006\152\041\127\127}{chapter.1}% 16
\BOOKMARK [2][]{subsection.1.4.1}{\376\377\0001\000.\0004\000.\0001\000\040\116\023\122\051\173\241\164\006\152\041\127\127}{section.1.4}% 17
\BOOKMARK [2][]{subsection.1.4.2}{\376\377\0001\000.\0004\000.\0002\000\040\116\272\124\130\173\241\164\006\152\041\127\127}{section.1.4}% 18
\BOOKMARK [1][]{section.1.5}{\376\377\0001\000.\0005\000\040\147\103\226\120\173\241\164\006\152\041\127\127}{chapter.1}% 19
\BOOKMARK [2][]{subsection.1.5.1}{\376\377\0001\000.\0005\000.\0001\000\040\145\160\143\156\210\150\230\171}{section.1.5}% 20
\BOOKMARK [2][]{subsection.1.5.2}{\376\377\0001\000.\0005\000.\0002\000\040\147\103\226\120\166\204\122\006\176\247\221\115\177\156}{section.1.5}% 21
\BOOKMARK [2][]{subsection.1.5.3}{\376\377\0001\000.\0005\000.\0003\000\040\165\050\142\067\173\241\164\006}{section.1.5}% 22
\BOOKMARK [0][]{chapter.2}{\376\377\173\054\0002\172\340\000\040\000\040\145\271\150\110\213\276\213\241}{}% 23
\BOOKMARK [1][]{section.2.1}{\376\377\0002\000.\0001\000\040\000B\000/\000S\176\323\147\204}{chapter.2}% 24
\BOOKMARK [2][]{subsection.2.1.1}{\376\377\0002\000.\0001\000.\0001\000\040\117\040\176\337\000C\000/\000S\176\323\147\204}{section.2.1}% 25
\BOOKMARK [2][]{subsection.2.1.2}{\376\377\0002\000.\0001\000.\0002\000\040\000B\000/\000S\176\323\147\204\166\204\117\030\160\271}{section.2.1}% 26
\BOOKMARK [2][]{subsection.2.1.3}{\376\377\0002\000.\0001\000.\0003\000\040\000A\000J\000A\000X\142\200\147\057}{section.2.1}% 27
\BOOKMARK [0][]{section*.7}{\376\377\123\302\200\003\145\207\163\056}{}% 28
\BOOKMARK [0][]{section*.9}{\376\377\201\364\000\040\214\042}{}% 29
